2022-12-18 03:11:16.467 INFO  o.s.scheduling.concurrent.ThreadPoolTaskExecutor  :218  [32m                  [0;39m Shutting down ExecutorService 'applicationTaskExecutor'
2022-12-18 03:12:09.755 INFO  c.x.j.config.JavafinalprojectxyApplication        :55   [32m                  [0;39m Starting JavafinalprojectxyApplication using Java 18.0.1.1 on Xinyus-MBP with PID 20162 (/Users/xinyu/Desktop/9053-JAVA/javafinalprojectxy/target/classes started by xinyu in /Users/xinyu/Desktop/9053-JAVA/javafinalprojectxy)
2022-12-18 03:12:09.758 INFO  c.x.j.config.JavafinalprojectxyApplication        :660  [32m                  [0;39m No active profile set, falling back to default profiles: default
2022-12-18 03:12:09.819 INFO  o.s.b.d.env.DevToolsPropertyDefaultsPostProcessor :255  [32m                  [0;39m Devtools property defaults active! Set 'spring.devtools.add-properties' to 'false' to disable
2022-12-18 03:12:09.819 INFO  o.s.b.d.env.DevToolsPropertyDefaultsPostProcessor :255  [32m                  [0;39m For additional web related logging consider setting the 'logging.level.web' property to 'DEBUG'
2022-12-18 03:12:10.611 WARN  org.mybatis.spring.mapper.ClassPathMapperScanner  :44   [32m                  [0;39m No MyBatis mapper was found in '[com.xinyu.javafinalprojectxy.config]' package. Please check your configuration.
2022-12-18 03:12:11.049 INFO  o.s.boot.web.embedded.tomcat.TomcatWebServer      :108  [32m                  [0;39m Tomcat initialized with port(s): 8880 (http)
2022-12-18 03:12:11.060 INFO  org.apache.coyote.http11.Http11NioProtocol        :173  [32m                  [0;39m Initializing ProtocolHandler ["http-nio-8880"]
2022-12-18 03:12:11.061 INFO  org.apache.catalina.core.StandardService          :173  [32m                  [0;39m Starting service [Tomcat]
2022-12-18 03:12:11.061 INFO  org.apache.catalina.core.StandardEngine           :173  [32m                  [0;39m Starting Servlet engine: [Apache Tomcat/9.0.39]
2022-12-18 03:12:11.127 INFO  o.a.c.core.ContainerBase.[Tomcat].[localhost].[/] :173  [32m                  [0;39m Initializing Spring embedded WebApplicationContext
2022-12-18 03:12:11.128 INFO  o.s.b.w.s.c.ServletWebServerApplicationContext    :289  [32m                  [0;39m Root WebApplicationContext: initialization completed in 1308 ms
2022-12-18 03:12:11.363 INFO  o.s.scheduling.concurrent.ThreadPoolTaskExecutor  :181  [32m                  [0;39m Initializing ExecutorService 'applicationTaskExecutor'
2022-12-18 03:12:11.515 WARN  o.s.b.w.s.c.AnnotationConfigServletWebServerApplicationContext:596  [32m                  [0;39m Exception encountered during context initialization - cancelling refresh attempt: org.springframework.beans.factory.BeanCreationException: Error creating bean with name 'dataSource' defined in class path resource [org/springframework/boot/autoconfigure/jdbc/DataSourceConfiguration$Hikari.class]: Bean instantiation via factory method failed; nested exception is org.springframework.beans.BeanInstantiationException: Failed to instantiate [com.zaxxer.hikari.HikariDataSource]: Factory method 'dataSource' threw exception; nested exception is org.springframework.boot.autoconfigure.jdbc.DataSourceProperties$DataSourceBeanCreationException: Failed to determine a suitable driver class
2022-12-18 03:12:11.515 INFO  o.s.scheduling.concurrent.ThreadPoolTaskExecutor  :218  [32m                  [0;39m Shutting down ExecutorService 'applicationTaskExecutor'
2022-12-18 03:12:11.519 INFO  org.apache.catalina.core.StandardService          :173  [32m                  [0;39m Stopping service [Tomcat]
2022-12-18 03:12:11.540 INFO  o.s.b.a.l.ConditionEvaluationReportLoggingListener:136  [32m                  [0;39m 

Error starting ApplicationContext. To display the conditions report re-run your application with 'debug' enabled.
2022-12-18 03:12:11.561 ERROR o.s.b.diagnostics.LoggingFailureAnalysisReporter  :40   [32m                  [0;39m 

***************************
APPLICATION FAILED TO START
***************************

Description:

Failed to configure a DataSource: 'url' attribute is not specified and no embedded datasource could be configured.

Reason: Failed to determine a suitable driver class


Action:

Consider the following:
	If you want an embedded database (H2, HSQL or Derby), please put it on the classpath.
	If you have database settings to be loaded from a particular profile you may need to activate it (no profiles are currently active).

2022-12-18 03:15:23.777 INFO  c.x.j.config.JavafinalprojectxyApplication        :55   [32m                  [0;39m Starting JavafinalprojectxyApplication using Java 18.0.1.1 on Xinyus-MBP with PID 20213 (/Users/xinyu/Desktop/9053-JAVA/javafinalprojectxy/target/classes started by xinyu in /Users/xinyu/Desktop/9053-JAVA/javafinalprojectxy)
2022-12-18 03:15:23.780 INFO  c.x.j.config.JavafinalprojectxyApplication        :660  [32m                  [0;39m No active profile set, falling back to default profiles: default
2022-12-18 03:15:23.833 INFO  o.s.b.d.env.DevToolsPropertyDefaultsPostProcessor :255  [32m                  [0;39m Devtools property defaults active! Set 'spring.devtools.add-properties' to 'false' to disable
2022-12-18 03:15:23.833 INFO  o.s.b.d.env.DevToolsPropertyDefaultsPostProcessor :255  [32m                  [0;39m For additional web related logging consider setting the 'logging.level.web' property to 'DEBUG'
2022-12-18 03:15:24.513 WARN  org.mybatis.spring.mapper.ClassPathMapperScanner  :44   [32m                  [0;39m No MyBatis mapper was found in '[com.xinyu.javafinalprojectxy.config]' package. Please check your configuration.
2022-12-18 03:15:24.899 INFO  o.s.boot.web.embedded.tomcat.TomcatWebServer      :108  [32m                  [0;39m Tomcat initialized with port(s): 8880 (http)
2022-12-18 03:15:24.911 INFO  org.apache.coyote.http11.Http11NioProtocol        :173  [32m                  [0;39m Initializing ProtocolHandler ["http-nio-8880"]
2022-12-18 03:15:24.912 INFO  org.apache.catalina.core.StandardService          :173  [32m                  [0;39m Starting service [Tomcat]
2022-12-18 03:15:24.912 INFO  org.apache.catalina.core.StandardEngine           :173  [32m                  [0;39m Starting Servlet engine: [Apache Tomcat/9.0.39]
2022-12-18 03:15:24.970 INFO  o.a.c.core.ContainerBase.[Tomcat].[localhost].[/] :173  [32m                  [0;39m Initializing Spring embedded WebApplicationContext
2022-12-18 03:15:24.970 INFO  o.s.b.w.s.c.ServletWebServerApplicationContext    :289  [32m                  [0;39m Root WebApplicationContext: initialization completed in 1136 ms
2022-12-18 03:15:25.182 INFO  o.s.scheduling.concurrent.ThreadPoolTaskExecutor  :181  [32m                  [0;39m Initializing ExecutorService 'applicationTaskExecutor'
2022-12-18 03:15:25.495 INFO  o.s.b.d.autoconfigure.OptionalLiveReloadServer    :58   [32m                  [0;39m LiveReload server is running on port 35729
2022-12-18 03:15:25.516 INFO  org.apache.coyote.http11.Http11NioProtocol        :173  [32m                  [0;39m Starting ProtocolHandler ["http-nio-8880"]
2022-12-18 03:15:25.534 INFO  o.s.boot.web.embedded.tomcat.TomcatWebServer      :220  [32m                  [0;39m Tomcat started on port(s): 8880 (http) with context path ''
2022-12-18 03:15:25.547 INFO  c.x.j.config.JavafinalprojectxyApplication        :61   [32m                  [0;39m Started JavafinalprojectxyApplication in 2.334 seconds (JVM running for 3.194)
2022-12-18 03:15:25.549 INFO  c.x.j.config.JavafinalprojectxyApplication        :18   [32m                  [0;39m Start!
2022-12-18 03:15:25.550 INFO  c.x.j.config.JavafinalprojectxyApplication        :19   [32m                  [0;39m address: 	http://127.0.0.1:8880
